[debug] > Exec(early(addDefaultCommands), None, None)
[debug] > Exec(addDefaultCommands, None, None)
[debug] > Exec(early(initialize), None, None)
[debug] > Exec(initialize, None, None)
[debug] > Exec(early(addPluginSbtFile="""C:\Users\arthu\AppData\Local\Temp\idea.sbt"""), None, None)
[debug] > Exec(addPluginSbtFile="""C:\Users\arthu\AppData\Local\Temp\idea.sbt""", None, None)
[debug] > Exec(boot, None, None)
[debug] > Exec(writeSbtVersion, None, None)
[debug] > Exec(reload, None, None)
[debug] > Exec(sbtStashOnFailure, None, None)
[debug] > Exec(onFailure loadFailed, None, None)
[debug] > Exec(loadp, None, None)
[info] welcome to sbt 1.10.0 (Oracle Corporation Java 22.0.1)
[debug] Load.defaultLoad until apply took 122.8645ms
[debug]           Load.loadUnit: plugins took 90.2957ms
[debug]           Load.loadUnit: defsScala took 0.3331ms
[debug] [Loading] Scanning directory C:\Users\arthu\Desktop\Cours\S8\Functionnal programming\project\Scala_project\project
[debug]             Load.loadUnit: mkEval took 8.8918ms
[debug] [Loading] Found non-root projects 
[debug] [Loading] Done in C:\Users\arthu\Desktop\Cours\S8\Functionnal programming\project\Scala_project\project, returning: ()
[debug] deducing auto plugins based on known facts Set(Atom(sbt.plugins.CorePlugin)) and clauses Clauses(Clause(Atom(sbt.plugins.JvmPlugin),Set(Atom(sbt.plugins.IvyPlugin)))
[debug] Clause(Atom(sbt.ScriptedPlugin),Set(Atom(sbt.plugins.JvmPlugin)))
[debug] Clause(Atom(sbt.plugins.SbtPlugin),Set(Atom(sbt.ScriptedPlugin)))
[debug] Clause(Atom(sbt.plugins.SemanticdbPlugin),Set(Atom(sbt.plugins.JvmPlugin)))
[debug] Clause(Atom(sbt.plugins.JUnitXmlReportPlugin),Set(Atom(sbt.plugins.JvmPlugin)))
[debug] Clause(Atom(sbt.plugins.MiniDependencyTreePlugin),Set(Atom(sbt.plugins.JvmPlugin)))
[debug] Clause(Atom(sbt.plugins.CorePlugin),Set(Atom(sbt.plugins.IvyPlugin)))
[debug] Clause(Atom(sbt.plugins.IvyPlugin),Set(Atom(sbt.plugins.JvmPlugin)))
[debug] Clause(Atom(sbt.plugins.JvmPlugin),Set(Atom(sbt.plugins.SemanticdbPlugin)))
[debug] Clause(Atom(sbt.plugins.JvmPlugin),Set(Atom(sbt.plugins.JUnitXmlReportPlugin)))
[debug] Clause(Atom(sbt.plugins.CorePlugin),Set(Atom(sbt.plugins.Giter8TemplatePlugin)))
[debug] Clause(Atom(sbt.plugins.JvmPlugin),Set(Atom(sbt.plugins.MiniDependencyTreePlugin))))
[debug]   :: deduced result: Matched(sbt.plugins.CorePlugin,sbt.plugins.Giter8TemplatePlugin,sbt.plugins.IvyPlugin,sbt.plugins.JvmPlugin,sbt.plugins.MiniDependencyTreePlugin,sbt.plugins.JUnitXmlReportPlugin,sbt.plugins.SemanticdbPlugin)
[debug] Plugins.deducer#function took 11.7548 ms
[info] loading settings for project scala_project-build from idea.sbt ...
[debug]               Load.resolveProject(scala_project-build) took 32.0686ms
[debug]             Load.loadTransitive: finalizeProject(Project(id scala_project-build, base: C:\Users\arthu\Desktop\Cours\S8\Functionnal programming\project\Scala_project\project, plugins: List(<none>))) took 51.7933ms
[debug] [Loading] Done in C:\Users\arthu\Desktop\Cours\S8\Functionnal programming\project\Scala_project\project, returning: (scala_project-build)
[debug]           Load.loadUnit: loadedProjectsRaw took 2157.8182ms
[debug]           Load.loadUnit: cleanEvalClasses took 10.6123ms
[debug]         Load.loadUnit(file:/C:/Users/arthu/Desktop/Cours/S8/Functionnal%20programming/project/Scala_project/project/, ...) took 2266.6198ms
[debug]       Load.apply: load took 2403.9803ms
[debug]       Load.apply: resolveProjects took 3.3777ms
[debug]       Load.apply: finalTransforms took 51.501ms
[debug]       Load.apply: config.delegates took 6.342ms
[debug]       Load.apply: Def.make(settings)... took 312.1032ms
[debug]       Load.apply: structureIndex took 72.0744ms
[debug]       Load.apply: mkStreams took 1.0635ms
[info] loading project definition from C:\Users\arthu\Desktop\Cours\S8\Functionnal programming\project\Scala_project\project
[debug] Running task... Cancel: Signal, check cycles: false, forcegc: true
[debug]     Load.loadUnit: plugins took 4421.8375ms
[debug]     Load.loadUnit: defsScala took 0.0057ms
[debug] [Loading] Scanning directory C:\Users\arthu\Desktop\Cours\S8\Functionnal programming\project\Scala_project
[debug]       Load.loadUnit: mkEval took 0.3996ms
[debug] [Loading] Found root project root w/ remaining 
[debug] deducing auto plugins based on known facts Set(Atom(sbt.plugins.CorePlugin)) and clauses Clauses(Clause(Atom(sbt.plugins.JvmPlugin),Set(Atom(sbt.plugins.IvyPlugin)))
[debug] Clause(Atom(sbt.ScriptedPlugin),Set(Atom(sbt.plugins.JvmPlugin)))
[debug] Clause(Atom(sbt.plugins.SbtPlugin),Set(Atom(sbt.ScriptedPlugin)))
[debug] Clause(Atom(sbt.plugins.SemanticdbPlugin),Set(Atom(sbt.plugins.JvmPlugin)))
[debug] Clause(Atom(sbt.plugins.JUnitXmlReportPlugin),Set(Atom(sbt.plugins.JvmPlugin)))
[debug] Clause(Atom(sbt.plugins.MiniDependencyTreePlugin),Set(Atom(sbt.plugins.JvmPlugin)))
[debug] Clause(Atom(org.jetbrains.sbt.StructurePlugin),Set(Atom(sbt.plugins.JvmPlugin)))
[debug] Clause(Atom(org.jetbrains.sbt.IdeaShellPlugin),Set(Atom(sbt.plugins.JvmPlugin)))
[debug] Clause(Atom(org.jetbrains.sbt.indices.SbtIntellijIndicesPlugin),Set(Atom(sbt.plugins.JvmPlugin)))
[debug] Clause(Atom(sbt.plugins.CorePlugin),Set(Atom(sbt.plugins.IvyPlugin)))
[debug] Clause(Atom(sbt.plugins.IvyPlugin),Set(Atom(sbt.plugins.JvmPlugin)))
[debug] Clause(Atom(sbt.plugins.JvmPlugin),Set(Atom(sbt.plugins.SemanticdbPlugin)))
[debug] Clause(Atom(sbt.plugins.JvmPlugin),Set(Atom(sbt.plugins.JUnitXmlReportPlugin)))
[debug] Clause(Atom(sbt.plugins.CorePlugin),Set(Atom(sbt.plugins.Giter8TemplatePlugin)))
[debug] Clause(Atom(sbt.plugins.JvmPlugin),Set(Atom(sbt.plugins.MiniDependencyTreePlugin)))
[debug] Clause(Atom(sbt.plugins.JvmPlugin),Set(Atom(org.jetbrains.sbt.StructurePlugin)))
[debug] Clause(Atom(sbt.plugins.JvmPlugin),Set(Atom(org.jetbrains.sbt.IdeaShellPlugin)))
[debug] Clause(And(Set(Atom(sbt.plugins.CorePlugin), Atom(sbt.plugins.JvmPlugin))),Set(Atom(org.jetbrains.sbt.indices.SbtIntellijIndicesPlugin))))
[debug]   :: deduced result: Matched(sbt.plugins.CorePlugin,sbt.plugins.Giter8TemplatePlugin,sbt.plugins.IvyPlugin,sbt.plugins.JvmPlugin,sbt.plugins.SemanticdbPlugin,org.jetbrains.sbt.indices.SbtIntellijIndicesPlugin,sbt.plugins.JUnitXmlReportPlugin,org.jetbrains.sbt.IdeaShellPlugin,org.jetbrains.sbt.StructurePlugin,sbt.plugins.MiniDependencyTreePlugin)
[debug] Plugins.deducer#function took 1.4172 ms
[info] loading settings for project root from build.sbt ...
[debug]         Load.resolveProject(root) took 25.9706ms
[debug]       Load.loadTransitive: finalizeProject(Project(id root, base: C:\Users\arthu\Desktop\Cours\S8\Functionnal programming\project\Scala_project, plugins: List(<none>))) took 28.3877ms
[debug] [Loading] Done in C:\Users\arthu\Desktop\Cours\S8\Functionnal programming\project\Scala_project, returning: (root)
[debug]     Load.loadUnit: loadedProjectsRaw took 1007.3602ms
[debug]     Load.loadUnit: cleanEvalClasses took 21.7029ms
[debug]   Load.loadUnit(file:/C:/Users/arthu/Desktop/Cours/S8/Functionnal%20programming/project/Scala_project/, ...) took 5452.9319ms
[debug] Load.apply: load took 5476.2636ms
[debug] Load.apply: resolveProjects took 0.1252ms
[debug] Load.apply: finalTransforms took 27.3375ms
[debug] Load.apply: config.delegates took 0.4749ms
[debug] Load.apply: Def.make(settings)... took 77.4957ms
[debug] Load.apply: structureIndex took 28.1365ms
[debug] Load.apply: mkStreams took 0.0057ms
[info] set current project to Scala_project (in build file:/C:/Users/arthu/Desktop/Cours/S8/Functionnal%20programming/project/Scala_project/)
[debug] > Exec(sbtPopOnFailure, None, None)
[debug] > Exec(resumeFromFailure, None, None)
[debug] > Exec(notifyUsersAboutShell, None, None)
[debug] > Exec(iflast shell, None, None)
[debug] > Exec(; set ideaPort in Global := 54750 ; idea-shell, None, None)
[debug] > Exec(set ideaPort in Global := 54750, None, None)
[info] Defining Global / ideaPort
[info] The new value will be used by Compile / compile, Test / compile
[debug] Defining 
[debug] 	Global / ideaPort
[debug] 
[debug] The new value will be used by 
[debug] 	Compile / compile
[debug] 	Test / compile
[info] Reapplying settings...
[info] set current project to Scala_project (in build file:/C:/Users/arthu/Desktop/Cours/S8/Functionnal%20programming/project/Scala_project/)
[debug] > Exec(idea-shell, None, None)
