2024.07.03 09:05:33 INFO  Started: Metals version 1.3.2 in folders 'C:\Users\arthu\Desktop\Cours\S8\Functionnal programming\project\Scala_project' for client Visual Studio Code 1.90.2.
SLF4J(W): Class path contains multiple SLF4J providers.
SLF4J(W): Found provider [scribe.slf4j.ScribeServiceProvider@7a8d8c63]
SLF4J(W): Found provider [ch.qos.logback.classic.spi.LogbackServiceProvider@5d27264]
SLF4J(W): See https://www.slf4j.org/codes.html#multiple_bindings for an explanation.
SLF4J(I): Actual provider is of type [scribe.slf4j.ScribeServiceProvider@7a8d8c63]
2024.07.03 09:05:34 WARN  Flyway upgrade recommended: H2 2.2.224 is newer than this version of Flyway and support has not been tested. The latest supported version of H2 is 2.2.220.
2024.07.03 09:08:23 INFO  Shutting down server
2024.07.03 09:08:23 INFO  shutting down Metals
2024.07.03 09:08:23 INFO  Exiting server
2024.07.03 09:11:16 INFO  Started: Metals version 1.3.2 in folders 'C:\Users\arthu\Desktop\Cours\S8\Functionnal programming\project\Scala_project' for client Visual Studio Code 1.90.2.
SLF4J(W): Class path contains multiple SLF4J providers.
SLF4J(W): Found provider [scribe.slf4j.ScribeServiceProvider@1a2d4762]
SLF4J(W): Found provider [ch.qos.logback.classic.spi.LogbackServiceProvider@65d73317]
SLF4J(W): See https://www.slf4j.org/codes.html#multiple_bindings for an explanation.
SLF4J(I): Actual provider is of type [scribe.slf4j.ScribeServiceProvider@1a2d4762]
2024.07.03 09:11:16 WARN  Flyway upgrade recommended: H2 2.2.224 is newer than this version of Flyway and support has not been tested. The latest supported version of H2 is 2.2.220.
2024.07.03 15:24:36 INFO  Shutting down server
2024.07.03 15:24:36 INFO  shutting down Metals
2024.07.03 15:24:36 INFO  Exiting server
